<?xml version="1.0" encoding="UTF-8"?>
<!-- Generated by org.testng.reporters.JUnitXMLReporter -->
<testsuite ignored="0" hostname="SansreeIrvine" failures="0" tests="4" name="Default test" time="4.117" errors="0" timestamp="2024-08-30T19:36:52 PDT">
  <testcase classname="api.test.StoreTests" name="TestPostStoreOrder" time="1.807"/>
  <testcase classname="api.test.StoreTests" name="TestGetStoreInventory" time="0.616"/>
  <testcase classname="api.test.StoreTests" name="TestGetOrderByID" time="0.59"/>
  <testcase classname="api.test.StoreTests" name="TestDeleteOrderByOrderID" time="0.598"/>
</testsuite> <!-- Default test -->
