<?xml version="1.0" encoding="UTF-8"?>
<!-- Generated by org.testng.reporters.JUnitXMLReporter -->
<testsuite ignored="0" hostname="SansreeIrvine" failures="0" tests="3" name="Default test" time="4.494" errors="0" timestamp="2024-08-28T18:24:52 PDT">
  <testcase classname="api.test.PetTests" name="TestPostPet" time="2.767"/>
  <testcase classname="api.test.PetTests" name="TestGetPetByStatus" time="0.529"/>
  <testcase classname="api.test.PetTests" name="TestGetPetByID" time="0.585"/>
</testsuite> <!-- Default test -->
