<?xml version="1.0" encoding="UTF-8"?>
<testng-results ignored="0" total="4" passed="4" failed="0" skipped="0">
  <reporter-output>
  </reporter-output>
  <suite started-at="2024-08-24T18:14:48 PDT" name="PetSuite" finished-at="2024-08-24T18:14:54 PDT" duration-ms="5840">
    <groups>
    </groups>
    <test started-at="2024-08-24T18:14:48 PDT" name="PetTests" finished-at="2024-08-24T18:14:54 PDT" duration-ms="5840">
      <class name="api.test.UserTests2">
        <test-method is-config="true" signature="setup()[pri:0, instance:api.test.UserTests2@3febb011]" started-at="2024-08-24T18:14:48 PDT" name="setup" finished-at="2024-08-24T18:14:49 PDT" duration-ms="518" status="PASS">
          <reporter-output>
          </reporter-output>
        </test-method> <!-- setup -->
        <test-method signature="TestPostUser()[pri:1, instance:api.test.UserTests2@3febb011]" started-at="2024-08-24T18:14:49 PDT" name="TestPostUser" finished-at="2024-08-24T18:14:52 PDT" duration-ms="2854" status="PASS">
          <reporter-output>
          </reporter-output>
        </test-method> <!-- TestPostUser -->
        <test-method signature="TestGetUserByName()[pri:2, instance:api.test.UserTests2@3febb011]" started-at="2024-08-24T18:14:52 PDT" name="TestGetUserByName" finished-at="2024-08-24T18:14:52 PDT" duration-ms="601" status="PASS">
          <reporter-output>
          </reporter-output>
        </test-method> <!-- TestGetUserByName -->
        <test-method signature="TestUpdateByUserName()[pri:3, instance:api.test.UserTests2@3febb011]" started-at="2024-08-24T18:14:52 PDT" name="TestUpdateByUserName" finished-at="2024-08-24T18:14:54 PDT" duration-ms="1197" status="PASS">
          <reporter-output>
          </reporter-output>
        </test-method> <!-- TestUpdateByUserName -->
        <test-method signature="TestDeleteByUserName()[pri:4, instance:api.test.UserTests2@3febb011]" started-at="2024-08-24T18:14:54 PDT" name="TestDeleteByUserName" finished-at="2024-08-24T18:14:54 PDT" duration-ms="532" status="PASS">
          <reporter-output>
          </reporter-output>
        </test-method> <!-- TestDeleteByUserName -->
      </class> <!-- api.test.UserTests2 -->
    </test> <!-- PetTests -->
  </suite> <!-- PetSuite -->
</testng-results>
