<?xml version="1.0" encoding="UTF-8"?>
<testsuite xmlns:xsi="http://www.w3.org/2001/XMLSchema-instance" xsi:noNamespaceSchemaLocation="https://maven.apache.org/surefire/maven-surefire-plugin/xsd/surefire-test-report.xsd" version="3.0.2" name="TestSuite" time="10.112" tests="11" errors="0" skipped="0" failures="0">
  <properties>
[...]
</properties>
  <testcase name="UploadPetImage" classname="api.test.PetTests" time="2.789">
    <system-out><![CDATA[Test-Report-2024.08.30.19.49.44.html
img_filename src\test\resources\dog3.jpg
HTTP/1.1 200 OK
Date: Sat, 31 Aug 2024 02:49:48 GMT
Content-Type: application/json
Transfer-Encoding: chunked
Connection: keep-alive
Access-Control-Allow-Origin: *
Access-Control-Allow-Methods: GET, POST, DELETE, PUT
Access-Control-Allow-Headers: Content-Type, api_key, Authorization
Server: Jetty(9.2.9.v20150224)

{
    "code": 200,
    "type": "unknown",
    "message": "additionalMetadata: this is additional metadata\nFile uploaded to ./dog3.jpg, 11810 bytes"
}
Upload Image Response Body is: {"code":200,"type":"unknown","message":"additionalMetadata: this is additional metadata\nFile uploaded to ./dog3.jpg, 11810 bytes"}
]]></system-out>
    <system-err><![CDATA[SLF4J: Failed to load class "org.slf4j.impl.StaticLoggerBinder".
SLF4J: Defaulting to no-operation (NOP) logger implementation
SLF4J: See http://www.slf4j.org/codes.html#StaticLoggerBinder for further details.
]]></system-err>
  </testcase>
  <testcase name="TestPostPet" classname="api.test.PetTests" time="0.728">
    <system-out><![CDATA[HTTP/1.1 200 OK
Date: Sat, 31 Aug 2024 02:49:49 GMT
Content-Type: application/json
Transfer-Encoding: chunked
Connection: keep-alive
Access-Control-Allow-Origin: *
Access-Control-Allow-Methods: GET, POST, DELETE, PUT
Access-Control-Allow-Headers: Content-Type, api_key, Authorization
Server: Jetty(9.2.9.v20150224)

{
    "id": 1398063054,
    "category": {
        "id": 1634387050,
        "name": "Paul Hauck"
    },
    "name": "Gertrudis Breitenberg",
    "photoUrls": [
        "https://klike.net/uploads/posts/2023-01/1675061232_3-62.jpg",
        "two.jpg",
        "three.jpg"
    ],
    "tags": [
        {
            "id": 110197684,
            "name": "Mrs. Raylene Thompson"
        },
        {
            "id": 1545308588,
            "name": "Jada Reichel Jr."
        },
        {
            "id": 411825368,
            "name": "Marcus Harber MD"
        }
    ],
    "status": "pending"
}
Response Body is: {"id":1398063054,"category":{"id":1634387050,"name":"Paul Hauck"},"name":"Gertrudis Breitenberg","photoUrls":["https://klike.net/uploads/posts/2023-01/1675061232_3-62.jpg","two.jpg","three.jpg"],"tags":[{"id":110197684,"name":"Mrs. Raylene Thompson"},{"id":1545308588,"name":"Jada Reichel Jr."},{"id":411825368,"name":"Marcus Harber MD"}],"status":"pending"}
]]></system-out>
  </testcase>
  <testcase name="TestGetPetByStatus" classname="api.test.PetTests" time="0.593">
    <system-out><![CDATA[HTTP/1.1 200 OK
Date: Sat, 31 Aug 2024 02:49:50 GMT
Content-Type: application/json
Transfer-Encoding: chunked
Connection: keep-alive
Access-Control-Allow-Origin: *
Access-Control-Allow-Methods: GET, POST, DELETE, PUT
Access-Control-Allow-Headers: Content-Type, api_key, Authorization
Server: Jetty(9.2.9.v20150224)

[
    {
        "id": 9222968140497181304,
        "category": {
            "id": 0,
            "name": "string"
        },
        "name": "doggie",
        "photoUrls": [
            "string"
        ],
        "tags": [
            {
                "id": 0,
                "name": "string"
            }
        ],
        "status": "pending"
    },
    {
        "id": 235,
        "category": {
            "id": 0,
            "name": "Aldo"
        },
        "name": "Dog",
        "photoUrls": [
            "www.ornekolacakyadim1.com",
            "www.ornekolacakyadim2.com"
        ],
        "tags": [
            {
                "id": 0,
                "name": "Seven"
            },
            {
                "id": 0,
                "name": "Eight"
            }
        ],
        "status": "pending"
    },
    {
        "id": 1398063054,
        "category": {
            "id": 1634387050,
            "name": "Paul Hauck"
        },
        "name": "Gertrudis Breitenberg",
        "photoUrls": [
            "https://klike.net/uploads/posts/2023-01/1675061232_3-62.jpg",
            "two.jpg",
            "three.jpg"
        ],
        "tags": [
            {
                "id": 110197684,
                "name": "Mrs. Raylene Thompson"
            },
            {
                "id": 1545308588,
                "name": "Jada Reichel Jr."
            },
            {
                "id": 411825368,
                "name": "Marcus Harber MD"
            }
        ],
        "status": "pending"
    }
]
Response for pending status is: [{"id":9222968140497181304,"category":{"id":0,"name":"string"},"name":"doggie","photoUrls":["string"],"tags":[{"id":0,"name":"string"}],"status":"pending"},{"id":235,"category":{"id":0,"name":"Aldo"},"name":"Dog","photoUrls":["www.ornekolacakyadim1.com","www.ornekolacakyadim2.com"],"tags":[{"id":0,"name":"Seven"},{"id":0,"name":"Eight"}],"status":"pending"},{"id":1398063054,"category":{"id":1634387050,"name":"Paul Hauck"},"name":"Gertrudis Breitenberg","photoUrls":["https://klike.net/uploads/posts/2023-01/1675061232_3-62.jpg","two.jpg","three.jpg"],"tags":[{"id":110197684,"name":"Mrs. Raylene Thompson"},{"id":1545308588,"name":"Jada Reichel Jr."},{"id":411825368,"name":"Marcus Harber MD"}],"status":"pending"}]
]]></system-out>
  </testcase>
  <testcase name="TestGetPetByID" classname="api.test.PetTests" time="0.543">
    <system-out><![CDATA[HTTP/1.1 200 OK
Date: Sat, 31 Aug 2024 02:49:50 GMT
Content-Type: application/json
Transfer-Encoding: chunked
Connection: keep-alive
Access-Control-Allow-Origin: *
Access-Control-Allow-Methods: GET, POST, DELETE, PUT
Access-Control-Allow-Headers: Content-Type, api_key, Authorization
Server: Jetty(9.2.9.v20150224)

{
    "id": 1398063054,
    "category": {
        "id": 1634387050,
        "name": "Paul Hauck"
    },
    "name": "Gertrudis Breitenberg",
    "photoUrls": [
        "https://klike.net/uploads/posts/2023-01/1675061232_3-62.jpg",
        "two.jpg",
        "three.jpg"
    ],
    "tags": [
        {
            "id": 110197684,
            "name": "Mrs. Raylene Thompson"
        },
        {
            "id": 1545308588,
            "name": "Jada Reichel Jr."
        },
        {
            "id": 411825368,
            "name": "Marcus Harber MD"
        }
    ],
    "status": "pending"
}
Response for Getting Pet By ID is: {"id":1398063054,"category":{"id":1634387050,"name":"Paul Hauck"},"name":"Gertrudis Breitenberg","photoUrls":["https://klike.net/uploads/posts/2023-01/1675061232_3-62.jpg","two.jpg","three.jpg"],"tags":[{"id":110197684,"name":"Mrs. Raylene Thompson"},{"id":1545308588,"name":"Jada Reichel Jr."},{"id":411825368,"name":"Marcus Harber MD"}],"status":"pending"}
]]></system-out>
  </testcase>
  <testcase name="TestPutPet" classname="api.test.PetTests" time="0.553">
    <system-out><![CDATA[HTTP/1.1 200 OK
Date: Sat, 31 Aug 2024 02:49:51 GMT
Content-Type: application/json
Transfer-Encoding: chunked
Connection: keep-alive
Access-Control-Allow-Origin: *
Access-Control-Allow-Methods: GET, POST, DELETE, PUT
Access-Control-Allow-Headers: Content-Type, api_key, Authorization
Server: Jetty(9.2.9.v20150224)

{
    "id": 1398063054,
    "category": {
        "id": 1634387050,
        "name": "Paul Hauck"
    },
    "name": "Deloise Hermiston",
    "photoUrls": [
        "https://klike.net/uploads/posts/2023-01/1675061232_3-62.jpg",
        "two.jpg",
        "three.jpg"
    ],
    "tags": [
        {
            "id": 110197684,
            "name": "Mrs. Raylene Thompson"
        },
        {
            "id": 1545308588,
            "name": "Elmo Miller"
        },
        {
            "id": 411825368,
            "name": "Marcus Harber MD"
        }
    ],
    "status": "sold"
}
Response Body for Put pet API call: {"id":1398063054,"category":{"id":1634387050,"name":"Paul Hauck"},"name":"Deloise Hermiston","photoUrls":["https://klike.net/uploads/posts/2023-01/1675061232_3-62.jpg","two.jpg","three.jpg"],"tags":[{"id":110197684,"name":"Mrs. Raylene Thompson"},{"id":1545308588,"name":"Elmo Miller"},{"id":411825368,"name":"Marcus Harber MD"}],"status":"sold"}
]]></system-out>
  </testcase>
  <testcase name="UpdatePetFormdata" classname="api.test.PetTests" time="0.556">
    <system-out><![CDATA[name_v: Alva Quigley PhD
HTTP/1.1 200 OK
Date: Sat, 31 Aug 2024 02:49:51 GMT
Content-Type: application/json
Transfer-Encoding: chunked
Connection: keep-alive
Access-Control-Allow-Origin: *
Access-Control-Allow-Methods: GET, POST, DELETE, PUT
Access-Control-Allow-Headers: Content-Type, api_key, Authorization
Server: Jetty(9.2.9.v20150224)

{
    "code": 200,
    "type": "unknown",
    "message": "1398063054"
}
Response Body for updated Pet is: {"code":200,"type":"unknown","message":"1398063054"}
]]></system-out>
  </testcase>
  <testcase name="TestDeletePetByPetID" classname="api.test.PetTests" time="0.573">
    <system-out><![CDATA[HTTP/1.1 200 OK
Date: Sat, 31 Aug 2024 02:49:52 GMT
Content-Type: application/json
Transfer-Encoding: chunked
Connection: keep-alive
Access-Control-Allow-Origin: *
Access-Control-Allow-Methods: GET, POST, DELETE, PUT
Access-Control-Allow-Headers: Content-Type, api_key, Authorization
Server: Jetty(9.2.9.v20150224)

{
    "code": 200,
    "type": "unknown",
    "message": "1398063054"
}
Response Body for updated Pet is: {"code":200,"type":"unknown","message":"1398063054"}
]]></system-out>
  </testcase>
  <testcase name="TestPostStoreOrder" classname="api.test.StoreTests" time="0.749">
    <system-out><![CDATA[status_value: available
HTTP/1.1 200 OK
Date: Sat, 31 Aug 2024 02:49:53 GMT
Content-Type: application/json
Transfer-Encoding: chunked
Connection: keep-alive
Access-Control-Allow-Origin: *
Access-Control-Allow-Methods: GET, POST, DELETE, PUT
Access-Control-Allow-Headers: Content-Type, api_key, Authorization
Server: Jetty(9.2.9.v20150224)

{
    "id": 430380834,
    "petId": 430380834,
    "quantity": 430380834,
    "shipDate": "2024-08-31T02:49:51.345+0000",
    "status": "available",
    "complete": true
}
Response Body is: {"id":430380834,"petId":430380834,"quantity":430380834,"shipDate":"2024-08-31T02:49:51.345+0000","status":"available","complete":true}
]]></system-out>
  </testcase>
  <testcase name="TestGetStoreInventory" classname="api.test.StoreTests" time="0.55">
    <system-out><![CDATA[HTTP/1.1 200 OK
Date: Sat, 31 Aug 2024 02:49:53 GMT
Content-Type: application/json
Transfer-Encoding: chunked
Connection: keep-alive
Access-Control-Allow-Origin: *
Access-Control-Allow-Methods: GET, POST, DELETE, PUT
Access-Control-Allow-Headers: Content-Type, api_key, Authorization
Server: Jetty(9.2.9.v20150224)

{
    " ": 1,
    "sold": 3,
    "Buckinghamshire": 1,
    "SOLD": 1,
    "string": 738,
    "pending": 2,
    "available": 248,
    "sold\n": 1
}
Response for Pet Store Inventory is: {" ":1,"sold":3,"Buckinghamshire":1,"SOLD":1,"string":738,"pending":2,"available":248,"sold\n":1}
]]></system-out>
  </testcase>
  <testcase name="TestGetOrderByID" classname="api.test.StoreTests" time="0.556">
    <system-out><![CDATA[HTTP/1.1 200 OK
Date: Sat, 31 Aug 2024 02:49:54 GMT
Content-Type: application/json
Transfer-Encoding: chunked
Connection: keep-alive
Access-Control-Allow-Origin: *
Access-Control-Allow-Methods: GET, POST, DELETE, PUT
Access-Control-Allow-Headers: Content-Type, api_key, Authorization
Server: Jetty(9.2.9.v20150224)

{
    "id": 430380834,
    "petId": 430380834,
    "quantity": 430380834,
    "shipDate": "2024-08-31T02:49:51.345+0000",
    "status": "available",
    "complete": true
}
Response for Getting Pet Order By ID is: {"id":430380834,"petId":430380834,"quantity":430380834,"shipDate":"2024-08-31T02:49:51.345+0000","status":"available","complete":true}
]]></system-out>
  </testcase>
  <testcase name="TestDeleteOrderByOrderID" classname="api.test.StoreTests" time="0.592">
    <system-out><![CDATA[HTTP/1.1 200 OK
Date: Sat, 31 Aug 2024 02:49:54 GMT
Content-Type: application/json
Transfer-Encoding: chunked
Connection: keep-alive
Access-Control-Allow-Origin: *
Access-Control-Allow-Methods: GET, POST, DELETE, PUT
Access-Control-Allow-Headers: Content-Type, api_key, Authorization
Server: Jetty(9.2.9.v20150224)

{
    "code": 200,
    "type": "unknown",
    "message": "430380834"
}
Response Body for Deleted Order is: {"code":200,"type":"unknown","message":"430380834"}
]]></system-out>
  </testcase>
</testsuite>