<?xml version="1.0" encoding="UTF-8"?>
<testsuite xmlns:xsi="http://www.w3.org/2001/XMLSchema-instance" xsi:noNamespaceSchemaLocation="https://maven.apache.org/surefire/maven-surefire-plugin/xsd/surefire-test-report.xsd" version="3.0.2" name="TestSuite" time="6.3" tests="4" errors="0" skipped="0" failures="0">
  <properties>
[...]
</properties>
  <testcase name="TestPostUser" classname="api.test.UserTests2" time="2.864">
    <system-out><![CDATA[Test-Report-2024.08.24.18.14.48.html
HTTP/1.1 200 OK
Date: Sun, 25 Aug 2024 01:14:52 GMT
Content-Type: application/json
Transfer-Encoding: chunked
Connection: keep-alive
Access-Control-Allow-Origin: *
Access-Control-Allow-Methods: GET, POST, DELETE, PUT
Access-Control-Allow-Headers: Content-Type, api_key, Authorization
Server: Jetty(9.2.9.v20150224)

{
    "code": 200,
    "type": "unknown",
    "message": "313082880"
}
]]></system-out>
    <system-err><![CDATA[SLF4J: Failed to load class "org.slf4j.impl.StaticLoggerBinder".
SLF4J: Defaulting to no-operation (NOP) logger implementation
SLF4J: See http://www.slf4j.org/codes.html#StaticLoggerBinder for further details.
]]></system-err>
  </testcase>
  <testcase name="TestGetUserByName" classname="api.test.UserTests2" time="0.609">
    <system-out><![CDATA[HTTP/1.1 200 OK
Date: Sun, 25 Aug 2024 01:14:53 GMT
Content-Type: application/json
Transfer-Encoding: chunked
Connection: keep-alive
Access-Control-Allow-Origin: *
Access-Control-Allow-Methods: GET, POST, DELETE, PUT
Access-Control-Allow-Headers: Content-Type, api_key, Authorization
Server: Jetty(9.2.9.v20150224)

{
    "id": 313082880,
    "username": "rueben.hahn",
    "firstName": "Luciano",
    "lastName": "Larson",
    "email": "rhoda.leannon@example.com",
    "password": "u6m6fxebz",
    "phone": "296-045-1672",
    "userStatus": 0
}
]]></system-out>
  </testcase>
  <testcase name="TestUpdateByUserName" classname="api.test.UserTests2" time="1.189">
    <system-out><![CDATA[HTTP/1.1 200 OK
Date: Sun, 25 Aug 2024 01:14:54 GMT
Content-Type: application/json
Transfer-Encoding: chunked
Connection: keep-alive
Access-Control-Allow-Origin: *
Access-Control-Allow-Methods: GET, POST, DELETE, PUT
Access-Control-Allow-Headers: Content-Type, api_key, Authorization
Server: Jetty(9.2.9.v20150224)

{
    "code": 200,
    "type": "unknown",
    "message": "313082880"
}
{
    "code": 200,
    "type": "unknown",
    "message": "313082880"
}
HTTP/1.1 200 OK
Date: Sun, 25 Aug 2024 01:14:54 GMT
Content-Type: application/json
Transfer-Encoding: chunked
Connection: keep-alive
Access-Control-Allow-Origin: *
Access-Control-Allow-Methods: GET, POST, DELETE, PUT
Access-Control-Allow-Headers: Content-Type, api_key, Authorization
Server: Jetty(9.2.9.v20150224)

{
    "id": 313082880,
    "username": "rueben.hahn",
    "firstName": "Lazaro",
    "lastName": "Hilpert",
    "email": "raylene.casper@example.com",
    "password": "u6m6fxebz",
    "phone": "296-045-1672",
    "userStatus": 0
}
]]></system-out>
  </testcase>
  <testcase name="TestDeleteByUserName" classname="api.test.UserTests2" time="0.535">
    <system-out><![CDATA[HTTP/1.1 200 OK
Date: Sun, 25 Aug 2024 01:14:55 GMT
Content-Type: application/json
Transfer-Encoding: chunked
Connection: keep-alive
Access-Control-Allow-Origin: *
Access-Control-Allow-Methods: GET, POST, DELETE, PUT
Access-Control-Allow-Headers: Content-Type, api_key, Authorization
Server: Jetty(9.2.9.v20150224)

{
    "code": 200,
    "type": "unknown",
    "message": "rueben.hahn"
}
]]></system-out>
  </testcase>
</testsuite>