<?xml version="1.0" encoding="UTF-8"?>
<testng-results ignored="0" total="3" passed="3" failed="0" skipped="0">
  <reporter-output>
  </reporter-output>
  <suite started-at="2024-08-28T18:24:48 PDT" name="Default suite" finished-at="2024-08-28T18:24:52 PDT" duration-ms="4494">
    <groups>
    </groups>
    <test started-at="2024-08-28T18:24:48 PDT" name="Default test" finished-at="2024-08-28T18:24:52 PDT" duration-ms="4494">
      <class name="api.test.PetTests">
        <test-method is-config="true" signature="setup()[pri:0, instance:api.test.PetTests@496bc455]" started-at="2024-08-28T18:24:48 PDT" name="setup" finished-at="2024-08-28T18:24:48 PDT" duration-ms="573" status="PASS">
          <reporter-output>
          </reporter-output>
        </test-method> <!-- setup -->
        <test-method signature="TestPostPet()[pri:1, instance:api.test.PetTests@496bc455]" started-at="2024-08-28T18:24:48 PDT" name="TestPostPet" finished-at="2024-08-28T18:24:51 PDT" duration-ms="2767" status="PASS">
          <reporter-output>
          </reporter-output>
        </test-method> <!-- TestPostPet -->
        <test-method signature="TestGetPetByStatus()[pri:2, instance:api.test.PetTests@496bc455]" started-at="2024-08-28T18:24:51 PDT" name="TestGetPetByStatus" finished-at="2024-08-28T18:24:52 PDT" duration-ms="529" status="PASS">
          <reporter-output>
          </reporter-output>
        </test-method> <!-- TestGetPetByStatus -->
        <test-method signature="TestGetPetByID()[pri:3, instance:api.test.PetTests@496bc455]" started-at="2024-08-28T18:24:52 PDT" name="TestGetPetByID" finished-at="2024-08-28T18:24:52 PDT" duration-ms="585" status="PASS">
          <reporter-output>
          </reporter-output>
        </test-method> <!-- TestGetPetByID -->
      </class> <!-- api.test.PetTests -->
    </test> <!-- Default test -->
  </suite> <!-- Default suite -->
</testng-results>
