<?xml version="1.0" encoding="UTF-8"?>
<!-- Generated by org.testng.reporters.JUnitXMLReporter -->
<testsuite ignored="0" hostname="SansreeIrvine" failures="0" tests="11" name="PetTests" time="9.515" errors="0" timestamp="2024-08-30T19:49:54 PDT">
  <testcase classname="api.test.PetTests" name="UploadPetImage" time="2.782"/>
  <testcase classname="api.test.PetTests" name="TestPostPet" time="0.714"/>
  <testcase classname="api.test.PetTests" name="TestGetPetByStatus" time="0.602"/>
  <testcase classname="api.test.PetTests" name="TestGetPetByID" time="0.543"/>
  <testcase classname="api.test.PetTests" name="TestPutPet" time="0.55"/>
  <testcase classname="api.test.PetTests" name="UpdatePetFormdata" time="0.56"/>
  <testcase classname="api.test.PetTests" name="TestDeletePetByPetID" time="0.569"/>
  <testcase classname="api.test.StoreTests" name="TestPostStoreOrder" time="0.753"/>
  <testcase classname="api.test.StoreTests" name="TestGetStoreInventory" time="0.549"/>
  <testcase classname="api.test.StoreTests" name="TestGetOrderByID" time="0.553"/>
  <testcase classname="api.test.StoreTests" name="TestDeleteOrderByOrderID" time="0.588"/>
</testsuite> <!-- PetTests -->
