<?xml version="1.0" encoding="UTF-8"?>
<!-- Generated by org.testng.reporters.JUnitXMLReporter -->
<testsuite ignored="0" hostname="SansreeIrvine" failures="0" tests="4" name="PetTests" time="5.84" errors="0" timestamp="2024-08-24T18:14:54 PDT">
  <testcase classname="api.test.UserTests2" name="TestPostUser" time="2.854"/>
  <testcase classname="api.test.UserTests2" name="TestGetUserByName" time="0.601"/>
  <testcase classname="api.test.UserTests2" name="TestUpdateByUserName" time="1.197"/>
  <testcase classname="api.test.UserTests2" name="TestDeleteByUserName" time="0.532"/>
</testsuite> <!-- PetTests -->
