<?xml version="1.0" encoding="UTF-8"?>
<!-- Generated by org.testng.reporters.JUnitXMLReporter -->
<testsuite ignored="0" hostname="SansreeIrvine" failures="0" tests="4" name="PetTests" time="6.233" errors="0" timestamp="2024-08-24T16:59:06 PDT">
  <testcase classname="api.test.UserTests2" name="TestPostUser" time="2.942"/>
  <testcase classname="api.test.UserTests2" name="TestGetUserByName" time="0.598"/>
  <testcase classname="api.test.UserTests2" name="TestUpdateByUserName" time="1.233"/>
  <testcase classname="api.test.UserTests2" name="TestDeleteByUserName" time="0.62"/>
</testsuite> <!-- PetTests -->
