<?xml version="1.0" encoding="UTF-8"?>
<!-- Generated by org.testng.reporters.JUnitXMLReporter -->
<testsuite ignored="0" hostname="SansreeIrvine" failures="0" tests="19" name="PetTests" time="16.939" errors="0" timestamp="2024-08-30T19:50:31 PDT">
  <testcase classname="api.test.UserTests" name="TestPostUser" time="2.861"/>
  <testcase classname="api.test.UserTests" name="TestGetUserByName" time="0.538"/>
  <testcase classname="api.test.UserTests" name="TestUpdateByUserName" time="1.082"/>
  <testcase classname="api.test.UserTests" name="TestPostUserWithList" time="0.532"/>
  <testcase classname="api.test.UserTests" name="TestPostUserWithArray" time="0.579"/>
  <testcase classname="api.test.UserTests" name="TestGetListUserByName" time="1.616"/>
  <testcase classname="api.test.UserTests" name="TestGetArrayUserByName" time="1.906"/>
  <testcase classname="api.test.UserTests" name="TestDeleteByUserName" time="0.651"/>
  <testcase classname="api.test.PetTests" name="UploadPetImage" time="0.623"/>
  <testcase classname="api.test.PetTests" name="TestPostPet" time="0.57"/>
  <testcase classname="api.test.PetTests" name="TestGetPetByStatus" time="0.571"/>
  <testcase classname="api.test.PetTests" name="TestGetPetByID" time="0.519"/>
  <testcase classname="api.test.PetTests" name="TestPutPet" time="0.569"/>
  <testcase classname="api.test.PetTests" name="UpdatePetFormdata" time="0.564"/>
  <testcase classname="api.test.PetTests" name="TestDeletePetByPetID" time="0.555"/>
  <testcase classname="api.test.StoreTests" name="TestPostStoreOrder" time="0.531"/>
  <testcase classname="api.test.StoreTests" name="TestGetStoreInventory" time="0.58"/>
  <testcase classname="api.test.StoreTests" name="TestGetOrderByID" time="0.568"/>
  <testcase classname="api.test.StoreTests" name="TestDeleteOrderByOrderID" time="0.544"/>
</testsuite> <!-- PetTests -->
